ClimaaSpheree/climasphere2/app/build/intermediates/manifest_merge_blame_file/debug/processDebugMainManifest/manifest-merger-blame-debug-report.txt
1<?xml version="1.0" encoding="utf-8"?>
2<manifest xmlns:android="http://schemas.android.com/apk/res/android"
3    package="com.example.climasphere2"
4    android:versionCode="1"
5    android:versionName="1.0" >
6
7    <uses-sdk
8        android:minSdkVersion="24"
9        android:targetSdkVersion="36" />
10
11    <uses-permission android:name="android.permission.ACCESS_NETWORK_STATE" />
11-->[com.google.firebase:firebase-messaging:23.4.1] AndroidManifest.xml:22:5-79
11-->[com.google.firebase:firebase-messaging:23.4.1] AndroidManifest.xml:22:22-76
12    <uses-permission android:name="android.permission.POST_NOTIFICATIONS" />
12-->[com.google.firebase:firebase-messaging:23.4.1] AndroidManifest.xml:23:5-77
12-->[com.google.firebase:firebase-messaging:23.4.1] AndroidManifest.xml:23:22-74
13    <uses-permission android:name="android.permission.WAKE_LOCK" /> <!-- Required by older versions of Google Play services to create IID tokens -->
13-->[com.google.firebase:firebase-messaging:23.4.1] AndroidManifest.xml:24:5-68
13-->[com.google.firebase:firebase-messaging:23.4.1] AndroidManifest.xml:24:22-65
14    <uses-permission android:name="com.google.android.c2dm.permission.RECEIVE" />
14-->[com.google.firebase:firebase-messaging:23.4.1] AndroidManifest.xml:26:5-82
14-->[com.google.firebase:firebase-messaging:23.4.1] AndroidManifest.xml:26:22-79
15    <uses-permission android:name="android.permission.INTERNET" />
15-->[com.google.android.gms:play-services-cloud-messaging:17.1.0] AndroidManifest.xml:8:5-67
15-->[com.google.android.gms:play-services-cloud-messaging:17.1.0] AndroidManifest.xml:8:22-64
16    <uses-permission android:name="android.permission.RECEIVE_BOOT_COMPLETED" />
16-->[androidx.work:work-runtime:2.9.0] AndroidManifest.xml:25:5-81
16-->[androidx.work:work-runtime:2.9.0] AndroidManifest.xml:25:22-78
17    <uses-permission android:name="android.permission.FOREGROUND_SERVICE" />
17-->[androidx.work:work-runtime:2.9.0] AndroidManifest.xml:26:5-77
17-->[androidx.work:work-runtime:2.9.0] AndroidManifest.xml:26:22-74
18
19    <permission
19-->[androidx.core:core:1.17.0] AndroidManifest.xml:22:5-24:47
20        android:name="com.example.climasphere2.DYNAMIC_RECEIVER_NOT_EXPORTED_PERMISSION"
20-->[androidx.core:core:1.17.0] AndroidManifest.xml:23:9-81
21        android:protectionLevel="signature" />
21-->[androidx.core:core:1.17.0] AndroidManifest.xml:24:9-44
22
23    <uses-permission android:name="com.example.climasphere2.DYNAMIC_RECEIVER_NOT_EXPORTED_PERMISSION" />
23-->[androidx.core:core:1.17.0] AndroidManifest.xml:26:5-97
23-->[androidx.core:core:1.17.0] AndroidManifest.xml:26:22-94
24
25    <application
25-->src\main\AndroidManifest.xml:5:5-28:19
26        android:allowBackup="true"
26-->src\main\AndroidManifest.xml:6:9-35
27        android:appComponentFactory="androidx.core.app.CoreComponentFactory"
27-->[androidx.core:core:1.17.0] AndroidManifest.xml:28:18-86
28        android:dataExtractionRules="@xml/data_extraction_rules"
28-->src\main\AndroidManifest.xml:7:9-65
29        android:debuggable="true"
30        android:extractNativeLibs="false"
31        android:fullBackupContent="@xml/backup_rules"
31-->src\main\AndroidManifest.xml:8:9-54
32        android:icon="@mipmap/ic_launcher"
32-->src\main\AndroidManifest.xml:9:9-43
33        android:label="@string/app_name"
33-->src\main\AndroidManifest.xml:10:9-41
34        android:roundIcon="@mipmap/ic_launcher_round"
34-->src\main\AndroidManifest.xml:11:9-54
35        android:supportsRtl="true"
35-->src\main\AndroidManifest.xml:12:9-35
36        android:testOnly="true"
37        android:theme="@style/Theme.Climasphere2" >
37-->src\main\AndroidManifest.xml:13:9-50
38        <activity
38-->src\main\AndroidManifest.xml:15:9-22:20
39            android:name="com.example.climasphere2.MainActivity"
39-->src\main\AndroidManifest.xml:16:13-41
40            android:exported="true" >
40-->src\main\AndroidManifest.xml:17:13-36
41            <intent-filter>
41-->src\main\AndroidManifest.xml:18:13-21:29
42                <action android:name="android.intent.action.MAIN" />
42-->src\main\AndroidManifest.xml:19:17-69
42-->src\main\AndroidManifest.xml:19:25-66
43
44                <category android:name="android.intent.category.LAUNCHER" />
44-->src\main\AndroidManifest.xml:20:17-77
44-->src\main\AndroidManifest.xml:20:27-74
45            </intent-filter>
46        </activity>
47        <activity
47-->src\main\AndroidManifest.xml:24:9-26:39
48            android:name="com.example.climasphere2.TomorrowActivity"
48-->src\main\AndroidManifest.xml:25:13-45
49            android:exported="true" />
49-->src\main\AndroidManifest.xml:26:13-36
50
51        <receiver
51-->[com.google.firebase:firebase-messaging:23.4.1] AndroidManifest.xml:29:9-40:20
52            android:name="com.google.firebase.iid.FirebaseInstanceIdReceiver"
52-->[com.google.firebase:firebase-messaging:23.4.1] AndroidManifest.xml:30:13-78
53            android:exported="true"
53-->[com.google.firebase:firebase-messaging:23.4.1] AndroidManifest.xml:31:13-36
54            android:permission="com.google.android.c2dm.permission.SEND" >
54-->[com.google.firebase:firebase-messaging:23.4.1] AndroidManifest.xml:32:13-73
55            <intent-filter>
55-->[com.google.firebase:firebase-messaging:23.4.1] AndroidManifest.xml:33:13-35:29
56                <action android:name="com.google.android.c2dm.intent.RECEIVE" />
56-->[com.google.firebase:firebase-messaging:23.4.1] AndroidManifest.xml:34:17-81
56-->[com.google.firebase:firebase-messaging:23.4.1] AndroidManifest.xml:34:25-78
57            </intent-filter>
58
59            <meta-data
59-->[com.google.firebase:firebase-messaging:23.4.1] AndroidManifest.xml:37:13-39:40
60                android:name="com.google.android.gms.cloudmessaging.FINISHED_AFTER_HANDLED"
60-->[com.google.firebase:firebase-messaging:23.4.1] AndroidManifest.xml:38:17-92
61                android:value="true" />
61-->[com.google.firebase:firebase-messaging:23.4.1] AndroidManifest.xml:39:17-37
62        </receiver>
63        <!--
64             FirebaseMessagingService performs security checks at runtime,
65             but set to not exported to explicitly avoid allowing another app to call it.
66        -->
67        <service
67-->[com.google.firebase:firebase-messaging:23.4.1] AndroidManifest.xml:46:9-53:19
68            android:name="com.google.firebase.messaging.FirebaseMessagingService"
68-->[com.google.firebase:firebase-messaging:23.4.1] AndroidManifest.xml:47:13-82
69            android:directBootAware="true"
69-->[com.google.firebase:firebase-messaging:23.4.1] AndroidManifest.xml:48:13-43
70            android:exported="false" >
70-->[com.google.firebase:firebase-messaging:23.4.1] AndroidManifest.xml:49:13-37
71            <intent-filter android:priority="-500" >
71-->[com.google.firebase:firebase-messaging:23.4.1] AndroidManifest.xml:50:13-52:29
71-->[com.google.firebase:firebase-messaging:23.4.1] AndroidManifest.xml:50:28-51
72                <action android:name="com.google.firebase.MESSAGING_EVENT" />
72-->[com.google.firebase:firebase-messaging:23.4.1] AndroidManifest.xml:51:17-78
72-->[com.google.firebase:firebase-messaging:23.4.1] AndroidManifest.xml:51:25-75
73            </intent-filter>
74        </service>
75        <service
75-->[com.google.firebase:firebase-messaging:23.4.1] AndroidManifest.xml:54:9-63:19
76            android:name="com.google.firebase.components.ComponentDiscoveryService"
76-->[com.google.firebase:firebase-messaging:23.4.1] AndroidManifest.xml:55:13-84
77            android:directBootAware="true"
77-->[com.google.firebase:firebase-common:20.4.2] AndroidManifest.xml:32:13-43
78            android:exported="false" >
78-->[com.google.firebase:firebase-messaging:23.4.1] AndroidManifest.xml:56:13-37
79            <meta-data
79-->[com.google.firebase:firebase-messaging:23.4.1] AndroidManifest.xml:57:13-59:85
80                android:name="com.google.firebase.components:com.google.firebase.messaging.FirebaseMessagingKtxRegistrar"
80-->[com.google.firebase:firebase-messaging:23.4.1] AndroidManifest.xml:58:17-122
81                android:value="com.google.firebase.components.ComponentRegistrar" />
81-->[com.google.firebase:firebase-messaging:23.4.1] AndroidManifest.xml:59:17-82
82            <meta-data
82-->[com.google.firebase:firebase-messaging:23.4.1] AndroidManifest.xml:60:13-62:85
83                android:name="com.google.firebase.components:com.google.firebase.messaging.FirebaseMessagingRegistrar"
83-->[com.google.firebase:firebase-messaging:23.4.1] AndroidManifest.xml:61:17-119
84                android:value="com.google.firebase.components.ComponentRegistrar" />
84-->[com.google.firebase:firebase-messaging:23.4.1] AndroidManifest.xml:62:17-82
85            <meta-data
85-->[com.google.firebase:firebase-installations:17.2.0] AndroidManifest.xml:15:13-17:85
86                android:name="com.google.firebase.components:com.google.firebase.installations.FirebaseInstallationsKtxRegistrar"
86-->[com.google.firebase:firebase-installations:17.2.0] AndroidManifest.xml:16:17-130
87                android:value="com.google.firebase.components.ComponentRegistrar" />
87-->[com.google.firebase:firebase-installations:17.2.0] AndroidManifest.xml:17:17-82
88            <meta-data
88-->[com.google.firebase:firebase-installations:17.2.0] AndroidManifest.xml:18:13-20:85
89                android:name="com.google.firebase.components:com.google.firebase.installations.FirebaseInstallationsRegistrar"
89-->[com.google.firebase:firebase-installations:17.2.0] AndroidManifest.xml:19:17-127
90                android:value="com.google.firebase.components.ComponentRegistrar" />
90-->[com.google.firebase:firebase-installations:17.2.0] AndroidManifest.xml:20:17-82
91            <meta-data
91-->[com.google.firebase:firebase-common-ktx:20.4.2] AndroidManifest.xml:12:13-14:85
92                android:name="com.google.firebase.components:com.google.firebase.ktx.FirebaseCommonLegacyRegistrar"
92-->[com.google.firebase:firebase-common-ktx:20.4.2] AndroidManifest.xml:13:17-116
93                android:value="com.google.firebase.components.ComponentRegistrar" />
93-->[com.google.firebase:firebase-common-ktx:20.4.2] AndroidManifest.xml:14:17-82
94            <meta-data
94-->[com.google.firebase:firebase-common:20.4.2] AndroidManifest.xml:35:13-37:85
95                android:name="com.google.firebase.components:com.google.firebase.FirebaseCommonKtxRegistrar"
95-->[com.google.firebase:firebase-common:20.4.2] AndroidManifest.xml:36:17-109
96                android:value="com.google.firebase.components.ComponentRegistrar" />
96-->[com.google.firebase:firebase-common:20.4.2] AndroidManifest.xml:37:17-82
97            <meta-data
97-->[com.google.firebase:firebase-datatransport:18.1.7] AndroidManifest.xml:27:13-29:85
98                android:name="com.google.firebase.components:com.google.firebase.datatransport.TransportRegistrar"
98-->[com.google.firebase:firebase-datatransport:18.1.7] AndroidManifest.xml:28:17-115
99                android:value="com.google.firebase.components.ComponentRegistrar" />
99-->[com.google.firebase:firebase-datatransport:18.1.7] AndroidManifest.xml:29:17-82
100        </service>
101
102        <activity
102-->[com.google.android.gms:play-services-base:18.0.1] AndroidManifest.xml:20:9-22:45
103            android:name="com.google.android.gms.common.api.GoogleApiActivity"
103-->[com.google.android.gms:play-services-base:18.0.1] AndroidManifest.xml:20:19-85
104            android:exported="false"
104-->[com.google.android.gms:play-services-base:18.0.1] AndroidManifest.xml:22:19-43
105            android:theme="@android:style/Theme.Translucent.NoTitleBar" />
105-->[com.google.android.gms:play-services-base:18.0.1] AndroidManifest.xml:21:19-78
106
107        <provider
107-->[com.google.firebase:firebase-common:20.4.2] AndroidManifest.xml:23:9-28:39
108            android:name="com.google.firebase.provider.FirebaseInitProvider"
108-->[com.google.firebase:firebase-common:20.4.2] AndroidManifest.xml:24:13-77
109            android:authorities="com.example.climasphere2.firebaseinitprovider"
109-->[com.google.firebase:firebase-common:20.4.2] AndroidManifest.xml:25:13-72
110            android:directBootAware="true"
110-->[com.google.firebase:firebase-common:20.4.2] AndroidManifest.xml:26:13-43
111            android:exported="false"
111-->[com.google.firebase:firebase-common:20.4.2] AndroidManifest.xml:27:13-37
112            android:initOrder="100" />
112-->[com.google.firebase:firebase-common:20.4.2] AndroidManifest.xml:28:13-36
113        <provider
113-->[androidx.emoji2:emoji2:1.3.0] AndroidManifest.xml:24:9-32:20
114            android:name="androidx.startup.InitializationProvider"
114-->[androidx.emoji2:emoji2:1.3.0] AndroidManifest.xml:25:13-67
115            android:authorities="com.example.climasphere2.androidx-startup"
115-->[androidx.emoji2:emoji2:1.3.0] AndroidManifest.xml:26:13-68
116            android:exported="false" >
116-->[androidx.emoji2:emoji2:1.3.0] AndroidManifest.xml:27:13-37
117            <meta-data
117-->[androidx.emoji2:emoji2:1.3.0] AndroidManifest.xml:29:13-31:52
118                android:name="androidx.emoji2.text.EmojiCompatInitializer"
118-->[androidx.emoji2:emoji2:1.3.0] AndroidManifest.xml:30:17-75
119                android:value="androidx.startup" />
119-->[androidx.emoji2:emoji2:1.3.0] AndroidManifest.xml:31:17-49
120            <meta-data
120-->[androidx.work:work-runtime:2.9.0] AndroidManifest.xml:34:13-36:52
121                android:name="androidx.work.WorkManagerInitializer"
121-->[androidx.work:work-runtime:2.9.0] AndroidManifest.xml:35:17-68
122                android:value="androidx.startup" />
122-->[androidx.work:work-runtime:2.9.0] AndroidManifest.xml:36:17-49
123            <meta-data
123-->[androidx.lifecycle:lifecycle-process:2.6.2] AndroidManifest.xml:29:13-31:52
124                android:name="androidx.lifecycle.ProcessLifecycleInitializer"
124-->[androidx.lifecycle:lifecycle-process:2.6.2] AndroidManifest.xml:30:17-78
125                android:value="androidx.startup" />
125-->[androidx.lifecycle:lifecycle-process:2.6.2] AndroidManifest.xml:31:17-49
126            <meta-data
126-->[androidx.profileinstaller:profileinstaller:1.4.0] AndroidManifest.xml:29:13-31:52
127                android:name="androidx.profileinstaller.ProfileInstallerInitializer"
127-->[androidx.profileinstaller:profileinstaller:1.4.0] AndroidManifest.xml:30:17-85
128                android:value="androidx.startup" />
128-->[androidx.profileinstaller:profileinstaller:1.4.0] AndroidManifest.xml:31:17-49
129        </provider>
130
131        <service
131-->[androidx.work:work-runtime:2.9.0] AndroidManifest.xml:39:9-45:35
132            android:name="androidx.work.impl.background.systemalarm.SystemAlarmService"
132-->[androidx.work:work-runtime:2.9.0] AndroidManifest.xml:40:13-88
133            android:directBootAware="false"
133-->[androidx.work:work-runtime:2.9.0] AndroidManifest.xml:41:13-44
134            android:enabled="@bool/enable_system_alarm_service_default"
134-->[androidx.work:work-runtime:2.9.0] AndroidManifest.xml:42:13-72
135            android:exported="false" />
135-->[androidx.work:work-runtime:2.9.0] AndroidManifest.xml:43:13-37
136        <service
136-->[androidx.work:work-runtime:2.9.0] AndroidManifest.xml:46:9-52:35
137            android:name="androidx.work.impl.background.systemjob.SystemJobService"
137-->[androidx.work:work-runtime:2.9.0] AndroidManifest.xml:47:13-84
138            android:directBootAware="false"
138-->[androidx.work:work-runtime:2.9.0] AndroidManifest.xml:48:13-44
139            android:enabled="@bool/enable_system_job_service_default"
139-->[androidx.work:work-runtime:2.9.0] AndroidManifest.xml:49:13-70
140            android:exported="true"
140-->[androidx.work:work-runtime:2.9.0] AndroidManifest.xml:50:13-36
141            android:permission="android.permission.BIND_JOB_SERVICE" />
141-->[androidx.work:work-runtime:2.9.0] AndroidManifest.xml:51:13-69
142        <service
142-->[androidx.work:work-runtime:2.9.0] AndroidManifest.xml:53:9-59:35
143            android:name="androidx.work.impl.foreground.SystemForegroundService"
143-->[androidx.work:work-runtime:2.9.0] AndroidManifest.xml:54:13-81
144            android:directBootAware="false"
144-->[androidx.work:work-runtime:2.9.0] AndroidManifest.xml:55:13-44
145            android:enabled="@bool/enable_system_foreground_service_default"
145-->[androidx.work:work-runtime:2.9.0] AndroidManifest.xml:56:13-77
146            android:exported="false" />
146-->[androidx.work:work-runtime:2.9.0] AndroidManifest.xml:57:13-37
147
148        <receiver
148-->[androidx.work:work-runtime:2.9.0] AndroidManifest.xml:61:9-66:35
149            android:name="androidx.work.impl.utils.ForceStopRunnable$BroadcastReceiver"
149-->[androidx.work:work-runtime:2.9.0] AndroidManifest.xml:62:13-88
150            android:directBootAware="false"
150-->[androidx.work:work-runtime:2.9.0] AndroidManifest.xml:63:13-44
151            android:enabled="true"
151-->[androidx.work:work-runtime:2.9.0] AndroidManifest.xml:64:13-35
152            android:exported="false" />
152-->[androidx.work:work-runtime:2.9.0] AndroidManifest.xml:65:13-37
153        <receiver
153-->[androidx.work:work-runtime:2.9.0] AndroidManifest.xml:67:9-77:20
154            android:name="androidx.work.impl.background.systemalarm.ConstraintProxy$BatteryChargingProxy"
154-->[androidx.work:work-runtime:2.9.0] AndroidManifest.xml:68:13-106
155            android:directBootAware="false"
155-->[androidx.work:work-runtime:2.9.0] AndroidManifest.xml:69:13-44
156            android:enabled="false"
156-->[androidx.work:work-runtime:2.9.0] AndroidManifest.xml:70:13-36
157            android:exported="false" >
157-->[androidx.work:work-runtime:2.9.0] AndroidManifest.xml:71:13-37
158            <intent-filter>
158-->[androidx.work:work-runtime:2.9.0] AndroidManifest.xml:73:13-76:29
159                <action android:name="android.intent.action.ACTION_POWER_CONNECTED" />
159-->[androidx.work:work-runtime:2.9.0] AndroidManifest.xml:74:17-87
159-->[androidx.work:work-runtime:2.9.0] AndroidManifest.xml:74:25-84
160                <action android:name="android.intent.action.ACTION_POWER_DISCONNECTED" />
160-->[androidx.work:work-runtime:2.9.0] AndroidManifest.xml:75:17-90
160-->[androidx.work:work-runtime:2.9.0] AndroidManifest.xml:75:25-87
161            </intent-filter>
162        </receiver>
163        <receiver
163-->[androidx.work:work-runtime:2.9.0] AndroidManifest.xml:78:9-88:20
164            android:name="androidx.work.impl.background.systemalarm.ConstraintProxy$BatteryNotLowProxy"
164-->[androidx.work:work-runtime:2.9.0] AndroidManifest.xml:79:13-104
165            android:directBootAware="false"
165-->[androidx.work:work-runtime:2.9.0] AndroidManifest.xml:80:13-44
166            android:enabled="false"
166-->[androidx.work:work-runtime:2.9.0] AndroidManifest.xml:81:13-36
167            android:exported="false" >
167-->[androidx.work:work-runtime:2.9.0] AndroidManifest.xml:82:13-37
168            <intent-filter>
168-->[androidx.work:work-runtime:2.9.0] AndroidManifest.xml:84:13-87:29
169                <action android:name="android.intent.action.BATTERY_OKAY" />
169-->[androidx.work:work-runtime:2.9.0] AndroidManifest.xml:85:17-77
169-->[androidx.work:work-runtime:2.9.0] AndroidManifest.xml:85:25-74
170                <action android:name="android.intent.action.BATTERY_LOW" />
170-->[androidx.work:work-runtime:2.9.0] AndroidManifest.xml:86:17-76
170-->[androidx.work:work-runtime:2.9.0] AndroidManifest.xml:86:25-73
171            </intent-filter>
172        </receiver>
173        <receiver
173-->[androidx.work:work-runtime:2.9.0] AndroidManifest.xml:89:9-99:20
174            android:name="androidx.work.impl.background.systemalarm.ConstraintProxy$StorageNotLowProxy"
174-->[androidx.work:work-runtime:2.9.0] AndroidManifest.xml:90:13-104
175            android:directBootAware="false"
175-->[androidx.work:work-runtime:2.9.0] AndroidManifest.xml:91:13-44
176            android:enabled="false"
176-->[androidx.work:work-runtime:2.9.0] AndroidManifest.xml:92:13-36
177            android:exported="false" >
177-->[androidx.work:work-runtime:2.9.0] AndroidManifest.xml:93:13-37
178            <intent-filter>
178-->[androidx.work:work-runtime:2.9.0] AndroidManifest.xml:95:13-98:29
179                <action android:name="android.intent.action.DEVICE_STORAGE_LOW" />
179-->[androidx.work:work-runtime:2.9.0] AndroidManifest.xml:96:17-83
179-->[androidx.work:work-runtime:2.9.0] AndroidManifest.xml:96:25-80
180                <action android:name="android.intent.action.DEVICE_STORAGE_OK" />
180-->[androidx.work:work-runtime:2.9.0] AndroidManifest.xml:97:17-82
180-->[androidx.work:work-runtime:2.9.0] AndroidManifest.xml:97:25-79
181            </intent-filter>
182        </receiver>
183        <receiver
183-->[androidx.work:work-runtime:2.9.0] AndroidManifest.xml:100:9-109:20
184            android:name="androidx.work.impl.background.systemalarm.ConstraintProxy$NetworkStateProxy"
184-->[androidx.work:work-runtime:2.9.0] AndroidManifest.xml:101:13-103
185            android:directBootAware="false"
185-->[androidx.work:work-runtime:2.9.0] AndroidManifest.xml:102:13-44
186            android:enabled="false"
186-->[androidx.work:work-runtime:2.9.0] AndroidManifest.xml:103:13-36
187            android:exported="false" >
187-->[androidx.work:work-runtime:2.9.0] AndroidManifest.xml:104:13-37
188            <intent-filter>
188-->[androidx.work:work-runtime:2.9.0] AndroidManifest.xml:106:13-108:29
189                <action android:name="android.net.conn.CONNECTIVITY_CHANGE" />
189-->[androidx.work:work-runtime:2.9.0] AndroidManifest.xml:107:17-79
189-->[androidx.work:work-runtime:2.9.0] AndroidManifest.xml:107:25-76
190            </intent-filter>
191        </receiver>
192        <receiver
192-->[androidx.work:work-runtime:2.9.0] AndroidManifest.xml:110:9-121:20
193            android:name="androidx.work.impl.background.systemalarm.RescheduleReceiver"
193-->[androidx.work:work-runtime:2.9.0] AndroidManifest.xml:111:13-88
194            android:directBootAware="false"
194-->[androidx.work:work-runtime:2.9.0] AndroidManifest.xml:112:13-44
195            android:enabled="false"
195-->[androidx.work:work-runtime:2.9.0] AndroidManifest.xml:113:13-36
196            android:exported="false" >
196-->[androidx.work:work-runtime:2.9.0] AndroidManifest.xml:114:13-37
197            <intent-filter>
197-->[androidx.work:work-runtime:2.9.0] AndroidManifest.xml:116:13-120:29
198                <action android:name="android.intent.action.BOOT_COMPLETED" />
198-->[androidx.work:work-runtime:2.9.0] AndroidManifest.xml:117:17-79
198-->[androidx.work:work-runtime:2.9.0] AndroidManifest.xml:117:25-76
199                <action android:name="android.intent.action.TIME_SET" />
199-->[androidx.work:work-runtime:2.9.0] AndroidManifest.xml:118:17-73
199-->[androidx.work:work-runtime:2.9.0] AndroidManifest.xml:118:25-70
200                <action android:name="android.intent.action.TIMEZONE_CHANGED" />
200-->[androidx.work:work-runtime:2.9.0] AndroidManifest.xml:119:17-81
200-->[androidx.work:work-runtime:2.9.0] AndroidManifest.xml:119:25-78
201            </intent-filter>
202        </receiver>
203        <receiver
203-->[androidx.work:work-runtime:2.9.0] AndroidManifest.xml:122:9-131:20
204            android:name="androidx.work.impl.background.systemalarm.ConstraintProxyUpdateReceiver"
204-->[androidx.work:work-runtime:2.9.0] AndroidManifest.xml:123:13-99
205            android:directBootAware="false"
205-->[androidx.work:work-runtime:2.9.0] AndroidManifest.xml:124:13-44
206            android:enabled="@bool/enable_system_alarm_service_default"
206-->[androidx.work:work-runtime:2.9.0] AndroidManifest.xml:125:13-72
207            android:exported="false" >
207-->[androidx.work:work-runtime:2.9.0] AndroidManifest.xml:126:13-37
208            <intent-filter>
208-->[androidx.work:work-runtime:2.9.0] AndroidManifest.xml:128:13-130:29
209                <action android:name="androidx.work.impl.background.systemalarm.UpdateProxies" />
209-->[androidx.work:work-runtime:2.9.0] AndroidManifest.xml:129:17-98
209-->[androidx.work:work-runtime:2.9.0] AndroidManifest.xml:129:25-95
210            </intent-filter>
211        </receiver>
212        <receiver
212-->[androidx.work:work-runtime:2.9.0] AndroidManifest.xml:132:9-142:20
213            android:name="androidx.work.impl.diagnostics.DiagnosticsReceiver"
213-->[androidx.work:work-runtime:2.9.0] AndroidManifest.xml:133:13-78
214            android:directBootAware="false"
214-->[androidx.work:work-runtime:2.9.0] AndroidManifest.xml:134:13-44
215            android:enabled="true"
215-->[androidx.work:work-runtime:2.9.0] AndroidManifest.xml:135:13-35
216            android:exported="true"
216-->[androidx.work:work-runtime:2.9.0] AndroidManifest.xml:136:13-36
217            android:permission="android.permission.DUMP" >
217-->[androidx.work:work-runtime:2.9.0] AndroidManifest.xml:137:13-57
218            <intent-filter>
218-->[androidx.work:work-runtime:2.9.0] AndroidManifest.xml:139:13-141:29
219                <action android:name="androidx.work.diagnostics.REQUEST_DIAGNOSTICS" />
219-->[androidx.work:work-runtime:2.9.0] AndroidManifest.xml:140:17-88
219-->[androidx.work:work-runtime:2.9.0] AndroidManifest.xml:140:25-85
220            </intent-filter>
221        </receiver>
222
223        <meta-data
223-->[com.google.android.gms:play-services-basement:18.1.0] AndroidManifest.xml:21:9-23:69
224            android:name="com.google.android.gms.version"
224-->[com.google.android.gms:play-services-basement:18.1.0] AndroidManifest.xml:22:13-58
225            android:value="@integer/google_play_services_version" />
225-->[com.google.android.gms:play-services-basement:18.1.0] AndroidManifest.xml:23:13-66
226
227        <receiver
227-->[androidx.profileinstaller:profileinstaller:1.4.0] AndroidManifest.xml:34:9-52:20
228            android:name="androidx.profileinstaller.ProfileInstallReceiver"
228-->[androidx.profileinstaller:profileinstaller:1.4.0] AndroidManifest.xml:35:13-76
229            android:directBootAware="false"
229-->[androidx.profileinstaller:profileinstaller:1.4.0] AndroidManifest.xml:36:13-44
230            android:enabled="true"
230-->[androidx.profileinstaller:profileinstaller:1.4.0] AndroidManifest.xml:37:13-35
231            android:exported="true"
231-->[androidx.profileinstaller:profileinstaller:1.4.0] AndroidManifest.xml:38:13-36
232            android:permission="android.permission.DUMP" >
232-->[androidx.profileinstaller:profileinstaller:1.4.0] AndroidManifest.xml:39:13-57
233            <intent-filter>
233-->[androidx.profileinstaller:profileinstaller:1.4.0] AndroidManifest.xml:40:13-42:29
234                <action android:name="androidx.profileinstaller.action.INSTALL_PROFILE" />
234-->[androidx.profileinstaller:profileinstaller:1.4.0] AndroidManifest.xml:41:17-91
234-->[androidx.profileinstaller:profileinstaller:1.4.0] AndroidManifest.xml:41:25-88
235            </intent-filter>
236            <intent-filter>
236-->[androidx.profileinstaller:profileinstaller:1.4.0] AndroidManifest.xml:43:13-45:29
237                <action android:name="androidx.profileinstaller.action.SKIP_FILE" />
237-->[androidx.profileinstaller:profileinstaller:1.4.0] AndroidManifest.xml:44:17-85
237-->[androidx.profileinstaller:profileinstaller:1.4.0] AndroidManifest.xml:44:25-82
238            </intent-filter>
239            <intent-filter>
239-->[androidx.profileinstaller:profileinstaller:1.4.0] AndroidManifest.xml:46:13-48:29
240                <action android:name="androidx.profileinstaller.action.SAVE_PROFILE" />
240-->[androidx.profileinstaller:profileinstaller:1.4.0] AndroidManifest.xml:47:17-88
240-->[androidx.profileinstaller:profileinstaller:1.4.0] AndroidManifest.xml:47:25-85
241            </intent-filter>
242            <intent-filter>
242-->[androidx.profileinstaller:profileinstaller:1.4.0] AndroidManifest.xml:49:13-51:29
243                <action android:name="androidx.profileinstaller.action.BENCHMARK_OPERATION" />
243-->[androidx.profileinstaller:profileinstaller:1.4.0] AndroidManifest.xml:50:17-95
243-->[androidx.profileinstaller:profileinstaller:1.4.0] AndroidManifest.xml:50:25-92
244            </intent-filter>
245        </receiver>
246
247        <service
247-->[com.google.android.datatransport:transport-backend-cct:3.1.8] AndroidManifest.xml:28:9-34:19
248            android:name="com.google.android.datatransport.runtime.backends.TransportBackendDiscovery"
248-->[com.google.android.datatransport:transport-backend-cct:3.1.8] AndroidManifest.xml:29:13-103
249            android:exported="false" >
249-->[com.google.android.datatransport:transport-backend-cct:3.1.8] AndroidManifest.xml:30:13-37
250            <meta-data
250-->[com.google.android.datatransport:transport-backend-cct:3.1.8] AndroidManifest.xml:31:13-33:39
251                android:name="backend:com.google.android.datatransport.cct.CctBackendFactory"
251-->[com.google.android.datatransport:transport-backend-cct:3.1.8] AndroidManifest.xml:32:17-94
252                android:value="cct" />
252-->[com.google.android.datatransport:transport-backend-cct:3.1.8] AndroidManifest.xml:33:17-36
253        </service>
254        <service
254-->[com.google.android.datatransport:transport-runtime:3.1.8] AndroidManifest.xml:26:9-30:19
255            android:name="com.google.android.datatransport.runtime.scheduling.jobscheduling.JobInfoSchedulerService"
255-->[com.google.android.datatransport:transport-runtime:3.1.8] AndroidManifest.xml:27:13-117
256            android:exported="false"
256-->[com.google.android.datatransport:transport-runtime:3.1.8] AndroidManifest.xml:28:13-37
257            android:permission="android.permission.BIND_JOB_SERVICE" >